{"C:\\Users\\Eliba\\OneDrive\\Escritorio\\IDSM41\\Desarrollo movil integral\\rpg-name-generator\\src\\lib\\utils.js": {"path":"C:\\Users\\Eliba\\OneDrive\\Escritorio\\IDSM41\\Desarrollo movil integral\\rpg-name-generator\\src\\lib\\utils.js","statementMap":{"0":{"start":{"line":2,"column":2},"end":{"line":2,"column":23}}},"fnMap":{"0":{"name":"generateName","decl":{"start":{"line":1,"column":16},"end":{"line":1,"column":28}},"loc":{"start":{"line":1,"column":35},"end":{"line":3,"column":1}},"line":1}},"branchMap":{},"s":{"0":1},"f":{"0":1},"b":{},"meta":{"lastBranch":0,"lastFunction":1,"lastStatement":1,"seen":{"f:1:16:1:28":0,"s:2:2:2:23":0}}}
}
